<?xml version="1.0" encoding="UTF-8"?>
<!-- Generated by org.testng.reporters.JUnitXMLReporter -->
<testsuite ignored="3" hostname="DESKTOP-JET7EDG" failures="0" tests="1" name="Default test(failed)" time="21.577" errors="0" timestamp="2023-12-04T21:11:42 IST">
  <testcase classname="testCases.Inventory_page_2_Test" name="remove2ProductsTest" time="6.469"/>
  <testcase classname="testCases.Inventory_page_2_Test" name="add6ProductsTest" time="0.0">
    <ignored/>
  </testcase> <!-- add6ProductsTest -->
  <testcase classname="testCases.Inventory_page_2_Test" name="verifytwitterLogoTest" time="0.0">
    <ignored/>
  </testcase> <!-- verifytwitterLogoTest -->
  <testcase classname="testCases.Inventory_page_2_Test" name="verifyproductsLableTest" time="0.0">
    <ignored/>
  </testcase> <!-- verifyproductsLableTest -->
</testsuite> <!-- Default test(failed) -->
