<?xml version="1.0" encoding="UTF-8"?>
<!-- Generated by org.testng.reporters.JUnitXMLReporter -->
<testsuite ignored="0" hostname="DESKTOP-JET7EDG" failures="0" tests="7" name="PriorityTest" time="82.506" errors="0" timestamp="2023-12-08T21:00:48 IST">
  <testcase classname="testCases.LoginPageTest" name="verifyTitleOfApplicationTest" time="3.251"/>
  <testcase classname="testCases.LoginPageTest" name="loginToApplicationTest" time="1.643"/>
  <testcase classname="testCases.LoginPageTest" name="verifyURLOfApplicationTest" time="0.134"/>
  <testcase classname="testCases.Inventory_page_2_Test" name="verifytwitterLogoTest" time="0.17"/>
  <testcase classname="testCases.Inventory_page_2_Test" name="add6ProductsTest" time="1.797"/>
  <testcase classname="testCases.Inventory_page_2_Test" name="remove2ProductsTest" time="3.997"/>
  <testcase classname="testCases.Inventory_page_2_Test" name="verifyproductsLableTest" time="0.19"/>
</testsuite> <!-- PriorityTest -->
