<?xml version="1.0" encoding="UTF-8"?>
<!-- Generated by org.testng.reporters.JUnitXMLReporter -->
<testsuite ignored="0" hostname="DESKTOP-JET7EDG" failures="2" tests="7" name="Test" time="79.846" errors="0" timestamp="2023-12-04T21:16:29 IST">
  <testcase classname="testCases.LoginPageTest" name="loginToApplicationTest" time="2.644">
    <failure type="java.lang.NullPointerException" message="Cannot invoke &amp;quot;org.apache.poi.ss.usermodel.Cell.getStringCellValue()&amp;quot; because the return value of &amp;quot;org.apache.poi.ss.usermodel.Row.getCell(int)&amp;quot; is null">
      <![CDATA[java.lang.NullPointerException: Cannot invoke "org.apache.poi.ss.usermodel.Cell.getStringCellValue()" because the return value of "org.apache.poi.ss.usermodel.Row.getCell(int)" is null
at utility.ReadData.readExcel(ReadData.java:24)
at testCases.LoginPageTest.loginToApplicationTest(LoginPageTest.java:44)
at java.base/java.util.ArrayList.forEach(ArrayList.java:1511)
... Removed 27 stack frames]]>
    </failure>
  </testcase> <!-- loginToApplicationTest -->
  <testcase classname="testCases.LoginPageTest" name="verifyTitleOfApplicationTest" time="0.134"/>
  <testcase classname="testCases.LoginPageTest" name="verifyURLOfApplicationTest" time="0.078"/>
  <testcase classname="testCases.Inventory_page_2_Test" name="add6ProductsTest" time="1.719"/>
  <testcase classname="testCases.Inventory_page_2_Test" name="remove2ProductsTest" time="3.985">
    <failure type="java.lang.AssertionError" message="expected [4] but found [6]">
      <![CDATA[java.lang.AssertionError: expected [4] but found [6]
at testCases.Inventory_page_2_Test.remove2ProductsTest(Inventory_page_2_Test.java:57)
at java.base/java.util.ArrayList.forEach(ArrayList.java:1511)
... Removed 33 stack frames]]>
    </failure>
  </testcase> <!-- remove2ProductsTest -->
  <testcase classname="testCases.Inventory_page_2_Test" name="verifyproductsLableTest" time="0.216"/>
  <testcase classname="testCases.Inventory_page_2_Test" name="verifytwitterLogoTest" time="0.149"/>
</testsuite> <!-- Test -->
