<?xml version="1.0" encoding="UTF-8"?>
<testng-results ignored="2" total="3" passed="1" failed="0" skipped="0">
  <reporter-output>
  </reporter-output>
  <suite started-at="2023-12-12T21:04:07 IST" name="Default suite" finished-at="2023-12-12T21:04:24 IST" duration-ms="17019">
    <groups>
    </groups>
    <test started-at="2023-12-12T21:04:07 IST" name="Default test" finished-at="2023-12-12T21:04:24 IST" duration-ms="17019">
      <class name="testCases.LoginPageTest">
        <test-method is-config="true" signature="setup()[pri:0, instance:testCases.LoginPageTest@4a3631f8]" started-at="2023-12-12T21:04:07 IST" name="setup" finished-at="2023-12-12T21:04:19 IST" duration-ms="12262" status="PASS">
          <reporter-output>
          </reporter-output>
        </test-method> <!-- setup -->
        <test-method signature="loginToApplicationTest()[pri:2, instance:testCases.LoginPageTest@4a3631f8]" started-at="2023-12-12T21:04:19 IST" name="loginToApplicationTest" finished-at="2023-12-12T21:04:22 IST" duration-ms="3089" status="PASS">
          <reporter-output>
          </reporter-output>
        </test-method> <!-- loginToApplicationTest -->
        <test-method is-config="true" signature="closeBrowser(org.testng.ITestResult)[pri:0, instance:testCases.LoginPageTest@4a3631f8]" started-at="2023-12-12T21:04:22 IST" name="closeBrowser" finished-at="2023-12-12T21:04:24 IST" duration-ms="1465" status="PASS">
          <params>
            <param index="0">
              <value>
                <![CDATA[[TestResult name=loginToApplicationTest status=SUCCESS method=LoginPageTest.loginToApplicationTest()[pri:2, instance:testCases.LoginPageTest@4a3631f8] output={null}]]]>
              </value>
            </param>
          </params>
          <reporter-output>
          </reporter-output>
        </test-method> <!-- closeBrowser -->
      </class> <!-- testCases.LoginPageTest -->
    </test> <!-- Default test -->
  </suite> <!-- Default suite -->
</testng-results>
