<?xml version="1.0" encoding="UTF-8"?>
<!-- Generated by org.testng.reporters.JUnitXMLReporter -->
<testsuite ignored="4" hostname="DESKTOP-JET7EDG" failures="0" tests="3" name="Test_Group" time="36.122" errors="0" timestamp="2023-12-11T21:04:21 IST">
  <testcase classname="testCases.LoginPageTest" name="verifyTitleOfApplicationTest" time="3.06"/>
  <testcase classname="testCases.LoginPageTest" name="verifyURLOfApplicationTest" time="0.1"/>
  <testcase classname="testCases.Inventory_page_2_Test" name="verifyproductsLableTest" time="0.331"/>
  <testcase classname="testCases.LoginPageTest" name="loginToApplicationTest" time="0.0">
    <ignored/>
  </testcase> <!-- loginToApplicationTest -->
  <testcase classname="testCases.Inventory_page_2_Test" name="remove2ProductsTest" time="0.0">
    <ignored/>
  </testcase> <!-- remove2ProductsTest -->
  <testcase classname="testCases.Inventory_page_2_Test" name="verifytwitterLogoTest" time="0.0">
    <ignored/>
  </testcase> <!-- verifytwitterLogoTest -->
  <testcase classname="testCases.Inventory_page_2_Test" name="add6ProductsTest" time="0.0">
    <ignored/>
  </testcase> <!-- add6ProductsTest -->
</testsuite> <!-- Test_Group -->
